<?xml version="1.0" encoding="UTF-8"?>
<!-- Generated by org.testng.reporters.JUnitXMLReporter -->
<testsuite hostname="HIJ-LP135" name="Default test(failed)" tests="1" failures="1" timestamp="11 Feb 2021 11:48:47 GMT" time="16.73" errors="0">
  <testcase name="@AfterMethod tearDown" time="0.0" classname="test.ScreenshotTest">
    <failure type="java.lang.NullPointerException">
      <![CDATA[java.lang.NullPointerException
	at test.ScreenshotTest.tearDown(ScreenshotTest.java:25)
... Removed 26 stack frames]]>
    </failure>
  </testcase> <!-- @AfterMethod tearDown -->
  <testcase name="takeScreenShotTest" time="0.0" classname="test.ScreenshotTest">
    <failure type="java.lang.AssertionError" message="expected [true] but found [false]">
      <![CDATA[java.lang.AssertionError: expected [true] but found [false]
	at test.ScreenshotTest.takeScreenShotTest(ScreenshotTest.java:31)
... Removed 30 stack frames]]>
    </failure>
  </testcase> <!-- takeScreenShotTest -->
</testsuite> <!-- Default test(failed) -->
