<?xml version="1.0" encoding="UTF-8"?>
<testng-results ignored="0" total="6" passed="5" failed="1" skipped="0">
  <reporter-output>
  </reporter-output>
  <suite started-at="2021-03-25T15:30:01 IST" name="Default suite" finished-at="2021-03-25T15:30:01 IST" duration-ms="35">
    <groups>
      <group name="Smoke">
        <method signature="day2.test1()[pri:0, instance:test.day2@4df50bcc]" name="test1" class="test.day2"/>
        <method signature="day2.test3()[pri:0, instance:test.day2@4df50bcc]" name="test3" class="test.day2"/>
      </group> <!-- Smoke -->
    </groups>
    <test started-at="2021-03-25T15:30:01 IST" name="Default test" finished-at="2021-03-25T15:30:01 IST" duration-ms="35">
      <class name="test.day2">
        <test-method is-config="true" signature="bSuite()[pri:0, instance:test.day2@4df50bcc]" started-at="2021-03-25T15:30:01 IST" name="bSuite" finished-at="2021-03-25T15:30:01 IST" duration-ms="6" status="PASS">
          <reporter-output>
          </reporter-output>
        </test-method> <!-- bSuite -->
        <test-method signature="test1()[pri:0, instance:test.day2@4df50bcc]" started-at="2021-03-25T15:30:01 IST" name="test1" finished-at="2021-03-25T15:30:01 IST" duration-ms="3" status="PASS">
          <reporter-output>
          </reporter-output>
        </test-method> <!-- test1 -->
        <test-method signature="test2(java.lang.String)[pri:0, instance:test.day2@4df50bcc]" started-at="2021-03-25T15:30:01 IST" name="test2" finished-at="2021-03-25T15:30:01 IST" duration-ms="0" status="FAIL">
          <exception class="org.testng.TestNGException">
            <message>
              <![CDATA[
Parameter 'URL' is required by @Test on method test2 but has not been marked @Optional or defined
in C:\Users\erkul\AppData\Local\Temp\testng-eclipse-634315655\testng-customsuite.xml]]>
            </message>
            <full-stacktrace>
              <![CDATA[org.testng.TestNGException: 
Parameter 'URL' is required by @Test on method test2 but has not been marked @Optional or defined
in C:\Users\erkul\AppData\Local\Temp\testng-eclipse-634315655\testng-customsuite.xml
at org.testng.internal.Parameters.createParams(Parameters.java:268)
at org.testng.internal.Parameters.createParametersForMethod(Parameters.java:356)
at org.testng.internal.Parameters.createParameters(Parameters.java:700)
at org.testng.internal.Parameters.handleParameters(Parameters.java:875)
at org.testng.internal.Parameters.handleParameters(Parameters.java:740)
at org.testng.internal.ParameterHandler.handleParameters(ParameterHandler.java:59)
at org.testng.internal.ParameterHandler.createParameters(ParameterHandler.java:38)
at org.testng.internal.TestInvoker$MethodInvocationAgent.invoke(TestInvoker.java:789)
at org.testng.internal.TestInvoker.invokeTestMethods(TestInvoker.java:147)
at org.testng.internal.TestMethodWorker.invokeTestMethods(TestMethodWorker.java:146)
at org.testng.internal.TestMethodWorker.run(TestMethodWorker.java:128)
at java.base/java.util.ArrayList.forEach(ArrayList.java:1511)
at org.testng.TestRunner.privateRun(TestRunner.java:764)
at org.testng.TestRunner.run(TestRunner.java:585)
at org.testng.SuiteRunner.runTest(SuiteRunner.java:384)
at org.testng.SuiteRunner.runSequentially(SuiteRunner.java:378)
at org.testng.SuiteRunner.privateRun(SuiteRunner.java:337)
at org.testng.SuiteRunner.run(SuiteRunner.java:286)
at org.testng.SuiteRunnerWorker.runSuite(SuiteRunnerWorker.java:53)
at org.testng.SuiteRunnerWorker.run(SuiteRunnerWorker.java:96)
at org.testng.TestNG.runSuitesSequentially(TestNG.java:1218)
at org.testng.TestNG.runSuitesLocally(TestNG.java:1140)
at org.testng.TestNG.runSuites(TestNG.java:1069)
at org.testng.TestNG.run(TestNG.java:1037)
at org.testng.remote.AbstractRemoteTestNG.run(AbstractRemoteTestNG.java:115)
at org.testng.remote.RemoteTestNG.initAndRun(RemoteTestNG.java:251)
at org.testng.remote.RemoteTestNG.main(RemoteTestNG.java:77)
]]>
            </full-stacktrace>
          </exception> <!-- org.testng.TestNGException -->
          <reporter-output>
          </reporter-output>
        </test-method> <!-- test2 -->
        <test-method signature="test2(java.lang.String, java.lang.String)[pri:0, instance:test.day2@4df50bcc]" started-at="2021-03-25T15:30:01 IST" name="test2" data-provider="getData" finished-at="2021-03-25T15:30:01 IST" duration-ms="1" status="PASS">
          <params>
            <param index="0">
              <value>
                <![CDATA[username1]]>
              </value>
            </param>
            <param index="1">
              <value>
                <![CDATA[password1]]>
              </value>
            </param>
          </params>
          <reporter-output>
          </reporter-output>
        </test-method> <!-- test2 -->
        <test-method signature="test2(java.lang.String, java.lang.String)[pri:0, instance:test.day2@4df50bcc]" started-at="2021-03-25T15:30:01 IST" name="test2" data-provider="getData" finished-at="2021-03-25T15:30:01 IST" duration-ms="1" status="PASS">
          <params>
            <param index="0">
              <value>
                <![CDATA[username2]]>
              </value>
            </param>
            <param index="1">
              <value>
                <![CDATA[password2]]>
              </value>
            </param>
          </params>
          <reporter-output>
          </reporter-output>
        </test-method> <!-- test2 -->
        <test-method signature="test2(java.lang.String, java.lang.String)[pri:0, instance:test.day2@4df50bcc]" started-at="2021-03-25T15:30:01 IST" name="test2" data-provider="getData" finished-at="2021-03-25T15:30:01 IST" duration-ms="1" status="PASS">
          <params>
            <param index="0">
              <value>
                <![CDATA[username3]]>
              </value>
            </param>
            <param index="1">
              <value>
                <![CDATA[password3]]>
              </value>
            </param>
          </params>
          <reporter-output>
          </reporter-output>
        </test-method> <!-- test2 -->
        <test-method signature="test3()[pri:0, instance:test.day2@4df50bcc]" started-at="2021-03-25T15:30:01 IST" name="test3" finished-at="2021-03-25T15:30:01 IST" duration-ms="1" status="PASS">
          <reporter-output>
          </reporter-output>
        </test-method> <!-- test3 -->
        <test-method is-config="true" signature="aSuite()[pri:0, instance:test.day2@4df50bcc]" started-at="2021-03-25T15:30:01 IST" name="aSuite" finished-at="2021-03-25T15:30:01 IST" duration-ms="1" status="PASS">
          <reporter-output>
          </reporter-output>
        </test-method> <!-- aSuite -->
      </class> <!-- test.day2 -->
    </test> <!-- Default test -->
  </suite> <!-- Default suite -->
</testng-results>
